<?xml version="1.0" encoding="UTF-8"?>
<testsuite xmlns:xsi="http://www.w3.org/2001/XMLSchema-instance" xsi:noNamespaceSchemaLocation="https://maven.apache.org/surefire/maven-surefire-plugin/xsd/surefire-test-report.xsd" name="BidCreation as Create, update and delete." time="431.362" tests="2" errors="0" skipped="0" failures="0">
  <properties>
[...]
</properties>
  <testcase name=": Create a New bid" classname="BidCreation as Create, update and delete." time="234.084"/>
  <testcase name=": Create a New bid" classname="BidCreation as Create, update and delete." time="192.965"/>
</testsuite>